{
  "stats": {
    "suites": 1,
    "tests": 16,
    "passes": 12,
    "pending": 0,
    "failures": 4,
    "start": "2023-03-26T17:44:34.641Z",
    "end": "2023-03-26T17:44:34.671Z",
    "duration": 30,
    "testsRegistered": 16,
    "passPercent": 75,
    "pendingPercent": 0,
    "other": 0,
    "hasOther": false,
    "skipped": 0,
    "hasSkipped": false
  },
  "results": [
    {
      "uuid": "14663408-8b87-4280-a27b-392fd81be020",
      "title": "",
      "fullFile": "C:\\Users\\Knomary\\Desktop\\projects\\TeachMeSkills\\hw17\\mocha-test\\calculator.spec.ts",
      "file": "\\hw17\\mocha-test\\calculator.spec.ts",
      "beforeHooks": [],
      "afterHooks": [],
      "tests": [],
      "suites": [
        {
          "uuid": "718f9ccb-6451-45f0-a554-a90866984a86",
          "title": "Operations of addition, multiplication, subtraction, division, ",
          "fullFile": "C:\\Users\\Knomary\\Desktop\\projects\\TeachMeSkills\\hw17\\mocha-test\\calculator.spec.ts",
          "file": "\\hw17\\mocha-test\\calculator.spec.ts",
          "beforeHooks": [
            {
              "title": "\"before all\" hook in \"Operations of addition, multiplication, subtraction, division, \"",
              "fullTitle": "Operations of addition, multiplication, subtraction, division,  \"before all\" hook in \"Operations of addition, multiplication, subtraction, division, \"",
              "timedOut": false,
              "duration": 0,
              "state": null,
              "speed": null,
              "pass": false,
              "fail": false,
              "pending": false,
              "context": null,
              "code": "calculator = new calculator_1.Calculator();",
              "err": {},
              "uuid": "cf0101ba-056d-4ad4-a110-a72d1e1d7392",
              "parentUUID": "718f9ccb-6451-45f0-a554-a90866984a86",
              "isHook": true,
              "skipped": false
            }
          ],
          "afterHooks": [
            {
              "title": "\"after all\" hook in \"Operations of addition, multiplication, subtraction, division, \"",
              "fullTitle": "Operations of addition, multiplication, subtraction, division,  \"after all\" hook in \"Operations of addition, multiplication, subtraction, division, \"",
              "timedOut": false,
              "duration": 0,
              "state": null,
              "speed": null,
              "pass": false,
              "fail": false,
              "pending": false,
              "context": null,
              "code": "calculator = null;",
              "err": {},
              "uuid": "c4f34c2a-d070-4d94-b8b7-640776149c23",
              "parentUUID": "718f9ccb-6451-45f0-a554-a90866984a86",
              "isHook": true,
              "skipped": false
            }
          ],
          "tests": [
            {
              "title": "Should add positive numbers",
              "fullTitle": "Operations of addition, multiplication, subtraction, division,  Should add positive numbers",
              "timedOut": false,
              "duration": 1,
              "state": "passed",
              "speed": "fast",
              "pass": true,
              "fail": false,
              "pending": false,
              "context": null,
              "code": "(0, chai_1.expect)(calculator.getSumAddition(1, 9), constants_1.ADDITION_NUMBERS).to.equal(10);",
              "err": {},
              "uuid": "45c1eb12-9b66-45d8-b122-a893b01f1096",
              "parentUUID": "718f9ccb-6451-45f0-a554-a90866984a86",
              "isHook": false,
              "skipped": false
            },
            {
              "title": "Should add negative numbers",
              "fullTitle": "Operations of addition, multiplication, subtraction, division,  Should add negative numbers",
              "timedOut": false,
              "duration": 0,
              "state": "passed",
              "speed": "fast",
              "pass": true,
              "fail": false,
              "pending": false,
              "context": null,
              "code": "(0, chai_1.expect)(calculator.getSumAddition(-1, -10), constants_1.ADDITION_NUMBERS).to.equal(-11);",
              "err": {},
              "uuid": "8d2c78fb-eba4-4b54-a4ee-c50b114121b1",
              "parentUUID": "718f9ccb-6451-45f0-a554-a90866984a86",
              "isHook": false,
              "skipped": false
            },
            {
              "title": "Should add negative and positive numbers",
              "fullTitle": "Operations of addition, multiplication, subtraction, division,  Should add negative and positive numbers",
              "timedOut": false,
              "duration": 0,
              "state": "passed",
              "speed": "fast",
              "pass": true,
              "fail": false,
              "pending": false,
              "context": null,
              "code": "(0, chai_1.expect)(calculator.getSumAddition(-1, 10), constants_1.ADDITION_NUMBERS).to.equal(9);",
              "err": {},
              "uuid": "1c2b3baf-fb59-4667-ad3a-c604e17a73ef",
              "parentUUID": "718f9ccb-6451-45f0-a554-a90866984a86",
              "isHook": false,
              "skipped": false
            },
            {
              "title": "Should display error if actual and expected result are different in addition operation",
              "fullTitle": "Operations of addition, multiplication, subtraction, division,  Should display error if actual and expected result are different in addition operation",
              "timedOut": false,
              "duration": 1,
              "state": "failed",
              "speed": null,
              "pass": false,
              "fail": true,
              "pending": false,
              "context": null,
              "code": "(0, chai_1.expect)(calculator.getSumAddition(10, 10), constants_1.ADDITION_NUMBERS).to.equal(0);",
              "err": {
                "message": "AssertionError: Adding is incorrectly: expected 20 to equal +0",
                "estack": "AssertionError: Adding is incorrectly: expected 20 to equal +0\n    at Context.<anonymous> (hw17\\mocha-test\\calculator.spec.ts:29:72)\n    at processImmediate (node:internal/timers:466:21)",
                "diff": "- 20\n+ 0\n"
              },
              "uuid": "42ba3ae1-4ea3-4946-b8dd-3b6cf3ea7fdc",
              "parentUUID": "718f9ccb-6451-45f0-a554-a90866984a86",
              "isHook": false,
              "skipped": false
            },
            {
              "title": "Should multiply positive numbers",
              "fullTitle": "Operations of addition, multiplication, subtraction, division,  Should multiply positive numbers",
              "timedOut": false,
              "duration": 0,
              "state": "passed",
              "speed": "fast",
              "pass": true,
              "fail": false,
              "pending": false,
              "context": null,
              "code": "(0, chai_1.expect)(calculator.getSumMultiplication(10, 10), constants_1.MULTIPLICATION_NUMBERS).to.equal(100);",
              "err": {},
              "uuid": "a061d063-39d0-4fad-ae1e-d2cf898e7a38",
              "parentUUID": "718f9ccb-6451-45f0-a554-a90866984a86",
              "isHook": false,
              "skipped": false
            },
            {
              "title": "Should multiply negative numbers",
              "fullTitle": "Operations of addition, multiplication, subtraction, division,  Should multiply negative numbers",
              "timedOut": false,
              "duration": 0,
              "state": "passed",
              "speed": "fast",
              "pass": true,
              "fail": false,
              "pending": false,
              "context": null,
              "code": "(0, chai_1.expect)(calculator.getSumMultiplication(-10, -10), constants_1.MULTIPLICATION_NUMBERS).to.equal(100);",
              "err": {},
              "uuid": "e5dcadad-f8ba-4b9f-86a4-08c8e12a4bdc",
              "parentUUID": "718f9ccb-6451-45f0-a554-a90866984a86",
              "isHook": false,
              "skipped": false
            },
            {
              "title": "Should multiply negative and positive numbers",
              "fullTitle": "Operations of addition, multiplication, subtraction, division,  Should multiply negative and positive numbers",
              "timedOut": false,
              "duration": 0,
              "state": "passed",
              "speed": "fast",
              "pass": true,
              "fail": false,
              "pending": false,
              "context": null,
              "code": "(0, chai_1.expect)(calculator.getSumMultiplication(-1, 10), constants_1.MULTIPLICATION_NUMBERS).to.equal(-10);",
              "err": {},
              "uuid": "d58c2cb4-0d6a-4521-b8b7-163f8ec456a5",
              "parentUUID": "718f9ccb-6451-45f0-a554-a90866984a86",
              "isHook": false,
              "skipped": false
            },
            {
              "title": "Should display error if actual and expected result are different in multiplication operation",
              "fullTitle": "Operations of addition, multiplication, subtraction, division,  Should display error if actual and expected result are different in multiplication operation",
              "timedOut": false,
              "duration": 1,
              "state": "failed",
              "speed": null,
              "pass": false,
              "fail": true,
              "pending": false,
              "context": null,
              "code": "(0, chai_1.expect)(calculator.getSumMultiplication(1, 10), constants_1.MULTIPLICATION_NUMBERS).to.equal(0);",
              "err": {
                "message": "AssertionError: Multiplication is incorrectly: expected 10 to equal +0",
                "estack": "AssertionError: Multiplication is incorrectly: expected 10 to equal +0\n    at Context.<anonymous> (hw17\\mocha-test\\calculator.spec.ts:45:83)\n    at processImmediate (node:internal/timers:466:21)",
                "diff": "- 10\n+ 0\n"
              },
              "uuid": "757c6b41-e1a6-4946-be98-95434bc3aee1",
              "parentUUID": "718f9ccb-6451-45f0-a554-a90866984a86",
              "isHook": false,
              "skipped": false
            },
            {
              "title": "Should subtract positive numbers",
              "fullTitle": "Operations of addition, multiplication, subtraction, division,  Should subtract positive numbers",
              "timedOut": false,
              "duration": 0,
              "state": "passed",
              "speed": "fast",
              "pass": true,
              "fail": false,
              "pending": false,
              "context": null,
              "code": "(0, chai_1.expect)(calculator.getSumSubtraction(10, 9), constants_1.SUBTRACTION_NUMBERS).to.equal(1);",
              "err": {},
              "uuid": "6c587b50-8fcf-4dbe-a7bc-1e4d773cd7db",
              "parentUUID": "718f9ccb-6451-45f0-a554-a90866984a86",
              "isHook": false,
              "skipped": false
            },
            {
              "title": "Should subtract negative numbers",
              "fullTitle": "Operations of addition, multiplication, subtraction, division,  Should subtract negative numbers",
              "timedOut": false,
              "duration": 0,
              "state": "passed",
              "speed": "fast",
              "pass": true,
              "fail": false,
              "pending": false,
              "context": null,
              "code": "(0, chai_1.expect)(calculator.getSumSubtraction(-10, -10), constants_1.SUBTRACTION_NUMBERS).to.equal(0);",
              "err": {},
              "uuid": "10ec1e38-776f-47f0-bb04-132c0bbb342c",
              "parentUUID": "718f9ccb-6451-45f0-a554-a90866984a86",
              "isHook": false,
              "skipped": false
            },
            {
              "title": "Should subtract negative and positive numbers",
              "fullTitle": "Operations of addition, multiplication, subtraction, division,  Should subtract negative and positive numbers",
              "timedOut": false,
              "duration": 0,
              "state": "passed",
              "speed": "fast",
              "pass": true,
              "fail": false,
              "pending": false,
              "context": null,
              "code": "(0, chai_1.expect)(calculator.getSumSubtraction(10, -1), constants_1.SUBTRACTION_NUMBERS).to.equal(11);",
              "err": {},
              "uuid": "03e5ba8a-4e92-4e44-9dab-3733441b7748",
              "parentUUID": "718f9ccb-6451-45f0-a554-a90866984a86",
              "isHook": false,
              "skipped": false
            },
            {
              "title": "Should display error if actual and expected result are different in subtraction operation",
              "fullTitle": "Operations of addition, multiplication, subtraction, division,  Should display error if actual and expected result are different in subtraction operation",
              "timedOut": false,
              "duration": 1,
              "state": "failed",
              "speed": null,
              "pass": false,
              "fail": true,
              "pending": false,
              "context": null,
              "code": "(0, chai_1.expect)(calculator.getSumSubtraction(10, 1), constants_1.SUBTRACTION_NUMBERS).to.equal(-9);",
              "err": {
                "message": "AssertionError: Subtraction is incorrectly: expected 9 to equal -9",
                "estack": "AssertionError: Subtraction is incorrectly: expected 9 to equal -9\n    at Context.<anonymous> (hw17\\mocha-test\\calculator.spec.ts:62:77)\n    at processImmediate (node:internal/timers:466:21)",
                "diff": "- 9\n+ -9\n"
              },
              "uuid": "7f043476-f15f-41dd-876d-7ff5a1e1415b",
              "parentUUID": "718f9ccb-6451-45f0-a554-a90866984a86",
              "isHook": false,
              "skipped": false
            },
            {
              "title": "Should divide positive numbers",
              "fullTitle": "Operations of addition, multiplication, subtraction, division,  Should divide positive numbers",
              "timedOut": false,
              "duration": 0,
              "state": "passed",
              "speed": "fast",
              "pass": true,
              "fail": false,
              "pending": false,
              "context": null,
              "code": "(0, chai_1.expect)(calculator.getSumDivision(10, 2), constants_1.DIVISION_NUMBERS).to.equal(5);",
              "err": {},
              "uuid": "67f9a660-d0ab-446d-a228-d8c1706eeccd",
              "parentUUID": "718f9ccb-6451-45f0-a554-a90866984a86",
              "isHook": false,
              "skipped": false
            },
            {
              "title": "Should divide negative numbers",
              "fullTitle": "Operations of addition, multiplication, subtraction, division,  Should divide negative numbers",
              "timedOut": false,
              "duration": 0,
              "state": "passed",
              "speed": "fast",
              "pass": true,
              "fail": false,
              "pending": false,
              "context": null,
              "code": "(0, chai_1.expect)(calculator.getSumDivision(-10, -10), constants_1.DIVISION_NUMBERS).to.equal(1);",
              "err": {},
              "uuid": "045c963a-485b-484f-8330-a8ad3e1c8f56",
              "parentUUID": "718f9ccb-6451-45f0-a554-a90866984a86",
              "isHook": false,
              "skipped": false
            },
            {
              "title": "Should divide negative and positive numbers",
              "fullTitle": "Operations of addition, multiplication, subtraction, division,  Should divide negative and positive numbers",
              "timedOut": false,
              "duration": 0,
              "state": "passed",
              "speed": "fast",
              "pass": true,
              "fail": false,
              "pending": false,
              "context": null,
              "code": "(0, chai_1.expect)(calculator.getSumDivision(-10, 5), constants_1.DIVISION_NUMBERS).to.equal(-2);",
              "err": {},
              "uuid": "9f16c6e2-542d-4f16-a52c-8f67397a6086",
              "parentUUID": "718f9ccb-6451-45f0-a554-a90866984a86",
              "isHook": false,
              "skipped": false
            },
            {
              "title": "Should display error if actual and expected result are different in division operation",
              "fullTitle": "Operations of addition, multiplication, subtraction, division,  Should display error if actual and expected result are different in division operation",
              "timedOut": false,
              "duration": 1,
              "state": "failed",
              "speed": null,
              "pass": false,
              "fail": true,
              "pending": false,
              "context": null,
              "code": "(0, chai_1.expect)(calculator.getSumDivision(10, 5), constants_1.DIVISION_NUMBERS).to.equal(-2);",
              "err": {
                "message": "AssertionError: Division is incorrectly: expected 2 to equal -2",
                "estack": "AssertionError: Division is incorrectly: expected 2 to equal -2\n    at Context.<anonymous> (hw17\\mocha-test\\calculator.spec.ts:78:71)\n    at processImmediate (node:internal/timers:466:21)",
                "diff": "- 2\n+ -2\n"
              },
              "uuid": "bbfce4e5-4718-4100-920b-d19a3166d589",
              "parentUUID": "718f9ccb-6451-45f0-a554-a90866984a86",
              "isHook": false,
              "skipped": false
            }
          ],
          "suites": [],
          "passes": [
            "45c1eb12-9b66-45d8-b122-a893b01f1096",
            "8d2c78fb-eba4-4b54-a4ee-c50b114121b1",
            "1c2b3baf-fb59-4667-ad3a-c604e17a73ef",
            "a061d063-39d0-4fad-ae1e-d2cf898e7a38",
            "e5dcadad-f8ba-4b9f-86a4-08c8e12a4bdc",
            "d58c2cb4-0d6a-4521-b8b7-163f8ec456a5",
            "6c587b50-8fcf-4dbe-a7bc-1e4d773cd7db",
            "10ec1e38-776f-47f0-bb04-132c0bbb342c",
            "03e5ba8a-4e92-4e44-9dab-3733441b7748",
            "67f9a660-d0ab-446d-a228-d8c1706eeccd",
            "045c963a-485b-484f-8330-a8ad3e1c8f56",
            "9f16c6e2-542d-4f16-a52c-8f67397a6086"
          ],
          "failures": [
            "42ba3ae1-4ea3-4946-b8dd-3b6cf3ea7fdc",
            "757c6b41-e1a6-4946-be98-95434bc3aee1",
            "7f043476-f15f-41dd-876d-7ff5a1e1415b",
            "bbfce4e5-4718-4100-920b-d19a3166d589"
          ],
          "pending": [],
          "skipped": [],
          "duration": 5,
          "root": false,
          "rootEmpty": false,
          "_timeout": 5000
        }
      ],
      "passes": [],
      "failures": [],
      "pending": [],
      "skipped": [],
      "duration": 0,
      "root": true,
      "rootEmpty": true,
      "_timeout": 5000
    }
  ],
  "meta": {
    "mocha": {
      "version": "10.2.0"
    },
    "mochawesome": {
      "options": {
        "quiet": false,
        "reportFilename": "mochawesome",
        "saveHtml": true,
        "saveJson": true,
        "consoleReporter": "spec",
        "useInlineDiffs": false,
        "code": true
      },
      "version": "7.1.3"
    },
    "marge": {
      "options": {
        "reportDir": "./hw17/mocha-report"
      },
      "version": "6.2.0"
    }
  }
}